0 info it worked if it ends with ok
1 verbose cli [ '/usr/bin/nodejs', '/usr/bin/npm', 'install', 'mraa@1.8' ]
2 info using npm@1.4.21
3 info using node@v4.8.2
4 warn package.json myhome@0.0.0 No description
5 warn package.json myhome@0.0.0 No repository field.
6 warn package.json myhome@0.0.0 No README data
7 warn package.json fs@0.0.2 fs is also the name of a node core module.
8 warn package.json fs@0.0.2 No description
9 warn package.json fs@0.0.2 No repository field.
10 warn package.json fs@0.0.2 No README data
11 warn package.json gpio@0.2.7 No license field.
12 warn package.json mongoose-legacy-pluralize@1.0.1 license should be a valid SPDX license expression
13 warn package.json optimist@0.6.1 license should be a valid SPDX license expression
14 warn package.json source-map@0.1.34 No license field.
15 warn package.json string_decoder@1.0.3 string_decoder is also the name of a node core module.
16 warn package.json uglify-js@2.4.24 license should be a valid SPDX license expression
17 warn package.json yargs@3.5.4 license should be a valid SPDX license expression
18 warn package.json window-size@0.1.0 No license field.
19 verbose readDependencies using package.json deps
20 verbose cache add [ 'mraa@1.8', null ]
21 verbose cache add name=undefined spec="mraa@1.8" args=["mraa@1.8",null]
22 verbose parsed url Url {
22 verbose parsed url   protocol: null,
22 verbose parsed url   slashes: null,
22 verbose parsed url   auth: null,
22 verbose parsed url   host: null,
22 verbose parsed url   port: null,
22 verbose parsed url   hostname: null,
22 verbose parsed url   hash: null,
22 verbose parsed url   search: null,
22 verbose parsed url   query: null,
22 verbose parsed url   pathname: 'mraa@1.8',
22 verbose parsed url   path: 'mraa@1.8',
22 verbose parsed url   href: 'mraa@1.8' }
23 verbose cache add name="mraa" spec="1.8" args=["mraa","1.8"]
24 verbose parsed url Url {
24 verbose parsed url   protocol: null,
24 verbose parsed url   slashes: null,
24 verbose parsed url   auth: null,
24 verbose parsed url   host: null,
24 verbose parsed url   port: null,
24 verbose parsed url   hostname: null,
24 verbose parsed url   hash: null,
24 verbose parsed url   search: null,
24 verbose parsed url   query: null,
24 verbose parsed url   pathname: '1.8',
24 verbose parsed url   path: '1.8',
24 verbose parsed url   href: '1.8' }
25 verbose addNamed [ 'mraa', '1.8' ]
26 verbose addNamed [ null, '>=1.8.0 <1.9.0' ]
27 silly lockFile cd17c431-mraa-1-8 mraa@1.8
28 verbose lock mraa@1.8 /home/linaro/.npm/cd17c431-mraa-1-8.lock
29 silly addNameRange { name: 'mraa', range: '>=1.8.0 <1.9.0', hasData: false }
30 verbose request where is /mraa
31 verbose request registry https://registry.npmjs.org/
32 verbose request id c44f421766dc2342
33 verbose url raw /mraa
34 verbose url resolving [ 'https://registry.npmjs.org/', './mraa' ]
35 verbose url resolved https://registry.npmjs.org/mraa
36 verbose request where is https://registry.npmjs.org/mraa
37 info trying registry request attempt 1 at 2:23:16 PM
38 verbose etag "5a86175d-2beda"
39 http GET https://registry.npmjs.org/mraa
40 http 304 https://registry.npmjs.org/mraa
41 silly registry.get cb [ 304,
41 silly registry.get   { date: 'Sun, 18 Feb 2018 17:23:16 GMT',
41 silly registry.get     via: '1.1 varnish',
41 silly registry.get     'cache-control': 'max-age=300',
41 silly registry.get     etag: '"5a86175d-2beda"',
41 silly registry.get     age: '6283',
41 silly registry.get     connection: 'close',
41 silly registry.get     'x-served-by': 'cache-gru17126-GRU',
41 silly registry.get     'x-cache': 'HIT',
41 silly registry.get     'x-cache-hits': '1',
41 silly registry.get     'x-timer': 'S1518974597.678975,VS0,VE1',
41 silly registry.get     vary: 'Accept-Encoding, Accept' } ]
42 verbose etag https://registry.npmjs.org/mraa from cache
43 silly addNameRange number 2 { name: 'mraa', range: '>=1.8.0 <1.9.0', hasData: true }
44 silly addNameRange versions [ 'mraa',
44 silly addNameRange   [ '0.5.2-46-gd4552fd',
44 silly addNameRange     '0.5.2-47-ga38c07f',
44 silly addNameRange     '0.5.2-48-g0ca4b10',
44 silly addNameRange     '0.5.2-49-gabd538d',
44 silly addNameRange     '0.5.2-50-g8be861a',
44 silly addNameRange     '0.5.2-51-g276b0a8',
44 silly addNameRange     '0.5.2-62-g0289c63',
44 silly addNameRange     '0.5.2-63-gd1185ef',
44 silly addNameRange     '0.5.3',
44 silly addNameRange     '0.5.3-2-g9684915',
44 silly addNameRange     '0.5.3-3-g36e24ba',
44 silly addNameRange     '0.5.3-4-g14f4567',
44 silly addNameRange     '0.5.3-5-g1b059c1',
44 silly addNameRange     '0.5.3-6-g7ad78d0',
44 silly addNameRange     '0.5.3-7-gacc3476',
44 silly addNameRange     '0.5.4',
44 silly addNameRange     '0.5.4-2-g8aa2ccc',
44 silly addNameRange     '0.5.4-1-ged1fc6c',
44 silly addNameRange     '0.5.4-2-gffdd828',
44 silly addNameRange     '0.5.4-5-g1ee0548',
44 silly addNameRange     '0.5.4-6-gcf1a864',
44 silly addNameRange     '0.5.4-14-gaff8811',
44 silly addNameRange     '0.5.4-20-g82eee9b',
44 silly addNameRange     '0.5.4-21-g71913b9',
44 silly addNameRange     '0.5.4-22-gbd16ecc',
44 silly addNameRange     '0.5.4-24-g2c5e749',
44 silly addNameRange     '0.5.4-25-g0c086d8',
44 silly addNameRange     '0.5.4-26-gda15fdb',
44 silly addNameRange     '0.5.4-27-g643bb99',
44 silly addNameRange     '0.5.4-28-g4944f42',
44 silly addNameRange     '0.5.4-29-gf277e7d',
44 silly addNameRange     '0.5.4-30-gf6a05b1',
44 silly addNameRange     '0.5.4-31-gf7256f1',
44 silly addNameRange     '0.5.4-32-g71118af',
44 silly addNameRange     '0.5.4-34-g4d8b82e',
44 silly addNameRange     '0.5.4-36-ge5835fa',
44 silly addNameRange     '0.5.4-37-g3c4742c',
44 silly addNameRange     '0.5.4-38-gd58adef',
44 silly addNameRange     '0.5.4-41-g2574efd',
44 silly addNameRange     '0.5.4-42-ge7649db',
44 silly addNameRange     '0.5.4-45-gbc05ce7',
44 silly addNameRange     '0.5.4-46-g74d172c',
44 silly addNameRange     '0.5.4-63-gec5c09f',
44 silly addNameRange     '0.5.4-64-g3efb7a0',
44 silly addNameRange     '0.5.4-65-ga76061a',
44 silly addNameRange     '0.5.4-66-g44d6ebf',
44 silly addNameRange     '0.5.4-66-g62c3264',
44 silly addNameRange     '0.5.4-71-g17ee0c9',
44 silly addNameRange     '0.5.4-76-g5af1197',
44 silly addNameRange     '0.5.4-78-g21962f4',
44 silly addNameRange     '0.5.4-79-gc3e43e5',
44 silly addNameRange     '0.5.4-80-g50ca84b',
44 silly addNameRange     '0.5.4-81-g5daad72',
44 silly addNameRange     '0.5.4-82-g66eb476',
44 silly addNameRange     '0.5.4-83-g20d2291',
44 silly addNameRange     '0.5.4-84-ged4c68e',
44 silly addNameRange     '0.5.4-85-g9cfbc87',
44 silly addNameRange     '0.5.4-86-g97d5a3e',
44 silly addNameRange     '0.5.4-88-g4e59917',
44 silly addNameRange     '0.5.4-89-gc3980c2',
44 silly addNameRange     '0.5.4-90-ge23325d',
44 silly addNameRange     '0.5.4-91-g456646c',
44 silly addNameRange     '0.5.4-92-g067487f',
44 silly addNameRange     '0.5.4-94-ge8bc227',
44 silly addNameRange     '0.5.4-95-gfb54307',
44 silly addNameRange     '0.5.4-96-g94dd44a',
44 silly addNameRange     '0.5.4-97-g212be29',
44 silly addNameRange     '0.5.4-98-gd88da13',
44 silly addNameRange     '0.5.4-100-g6c73a8a',
44 silly addNameRange     '0.5.4-101-g82bb1c5',
44 silly addNameRange     '0.5.4-102-ge68546a',
44 silly addNameRange     '0.5.4-103-g4d81fec',
44 silly addNameRange     '0.5.4-104-g019b0a5',
44 silly addNameRange     '0.5.4-105-gbaa1a0a',
44 silly addNameRange     '0.5.4-106-gdbc64fb',
44 silly addNameRange     '0.5.4-107-gcd6701d',
44 silly addNameRange     '0.5.4-108-ge7c3c17',
44 silly addNameRange     '0.5.4-109-g8ccefe9',
44 silly addNameRange     '0.5.4-110-g459ecc0',
44 silly addNameRange     '0.5.4-112-g2dc79dd',
44 silly addNameRange     '0.5.4-115-g403424e',
44 silly addNameRange     '0.5.4-118-g818e1a8',
44 silly addNameRange     '0.5.4-121-g2965665',
44 silly addNameRange     '0.5.4-126-g989566b',
44 silly addNameRange     '0.5.4-127-gcd36880',
44 silly addNameRange     '0.5.4-134-gd6891e8',
44 silly addNameRange     '0.5.4-135-gdd80730',
44 silly addNameRange     '0.5.4-137-g9d80b12',
44 silly addNameRange     '0.5.4-138-g163a40e',
44 silly addNameRange     '0.5.4-139-gefdbf4b',
44 silly addNameRange     '0.5.4-140-g797b137',
44 silly addNameRange     '0.5.4-141-ga2220e3',
44 silly addNameRange     '0.6.1',
44 silly addNameRange     '0.6.1-2-ga747c80',
44 silly addNameRange     '0.6.1-5-g3b3b940',
44 silly addNameRange     '0.6.1-6-g10f450b',
44 silly addNameRange     '0.6.1-7-g76ffa35',
44 silly addNameRange     '0.6.1-8-g2c74ba7',
44 silly addNameRange     '0.6.1-9-g677af12',
44 silly addNameRange     '0.6.1-10-gf33880c',
44 silly addNameRange     '0.6.1-11-g7375146',
44 silly addNameRange     '0.6.1-12-gf854a2b',
44 silly addNameRange     '0.6.1-14-g0dd0395',
44 silly addNameRange     '0.6.1-15-g228b7b6',
44 silly addNameRange     '0.6.1-16-gc621fad',
44 silly addNameRange     '0.6.1-17-g805d22f',
44 silly addNameRange     '0.6.1-18-g62213fa',
44 silly addNameRange     '0.6.1-21-g8b0b9f1',
44 silly addNameRange     '0.6.1-22-ge03eec3',
44 silly addNameRange     '0.6.1-31-g2174ee1',
44 silly addNameRange     '0.6.1-32-gffcf3d7',
44 silly addNameRange     '0.6.1-33-g2388fb9',
44 silly addNameRange     '0.6.1-34-g52c5376',
44 silly addNameRange     '0.6.1-36-gbe4312e',
44 silly addNameRange     '0.6.2',
44 silly addNameRange     '0.7.0',
44 silly addNameRange     '0.7.1',
44 silly addNameRange     '0.7.2',
44 silly addNameRange     '0.7.3',
44 silly addNameRange     '0.7.4',
44 silly addNameRange     '0.7.5',
44 silly addNameRange     '0.8.0',
44 silly addNameRange     '0.8.1',
44 silly addNameRange     '0.9.0',
44 silly addNameRange     '0.9.1',
44 silly addNameRange     '0.9.2',
44 silly addNameRange     '0.9.3',
44 silly addNameRange     '0.9.4',
44 silly addNameRange     '0.9.5',
44 silly addNameRange     '0.9.6',
44 silly addNameRange     '0.10.0',
44 silly addNameRange     '0.10.1',
44 silly addNameRange     '1.0.0',
44 silly addNameRange     '1.1.0',
44 silly addNameRange     '1.1.1',
44 silly addNameRange     '1.1.2',
44 silly addNameRange     '1.2.0',
44 silly addNameRange     '1.2.1',
44 silly addNameRange     '1.2.2',
44 silly addNameRange     '1.2.3',
44 silly addNameRange     '1.3.0',
44 silly addNameRange     '1.4.0',
44 silly addNameRange     '1.5.0',
44 silly addNameRange     '1.5.1',
44 silly addNameRange     '1.6.0',
44 silly addNameRange     '1.6.1',
44 silly addNameRange     '1.7.0',
44 silly addNameRange     '1.8.0',
44 silly addNameRange     '1.9.0' ] ]
45 verbose addNamed [ 'mraa', '1.8.0' ]
46 verbose addNamed [ '1.8.0', '1.8.0' ]
47 silly lockFile b53ff379-mraa-1-8-0 mraa@1.8.0
48 verbose lock mraa@1.8.0 /home/linaro/.npm/b53ff379-mraa-1-8-0.lock
49 silly lockFile f93f8077-ry-npmjs-org-mraa-mraa-1-8-0-tgz https://registry.npmjs.org/mraa/-/mraa-1.8.0.tgz
50 verbose lock https://registry.npmjs.org/mraa/-/mraa-1.8.0.tgz /home/linaro/.npm/f93f8077-ry-npmjs-org-mraa-mraa-1-8-0-tgz.lock
51 verbose addRemoteTarball [ 'https://registry.npmjs.org/mraa/-/mraa-1.8.0.tgz',
51 verbose addRemoteTarball   '3756df09e0c8291ef5ca53de2db46bd8dc8c38a2' ]
52 info retry fetch attempt 1 at 2:23:17 PM
53 verbose fetch to= /tmp/npm-8401-Db2rbLD2/registry.npmjs.org/mraa/-/mraa-1.8.0.tgz
54 http GET https://registry.npmjs.org/mraa/-/mraa-1.8.0.tgz
55 http 200 https://registry.npmjs.org/mraa/-/mraa-1.8.0.tgz
56 silly lockFile f93f8077-ry-npmjs-org-mraa-mraa-1-8-0-tgz https://registry.npmjs.org/mraa/-/mraa-1.8.0.tgz
57 silly lockFile f93f8077-ry-npmjs-org-mraa-mraa-1-8-0-tgz https://registry.npmjs.org/mraa/-/mraa-1.8.0.tgz
58 silly lockFile b53ff379-mraa-1-8-0 mraa@1.8.0
59 silly lockFile b53ff379-mraa-1-8-0 mraa@1.8.0
60 silly lockFile cd17c431-mraa-1-8 mraa@1.8
61 silly lockFile cd17c431-mraa-1-8 mraa@1.8
62 silly resolved [ { name: 'mraa',
62 silly resolved     description: 'IO library that helps you use I2c, SPI, gpio, uart, pwm, analog inputs (aio) and more on a number of platforms such as the Intel galileo, the Intel edison and others',
62 silly resolved     keywords:
62 silly resolved      [ 'gpio',
62 silly resolved        'edison',
62 silly resolved        'galileo',
62 silly resolved        'io',
62 silly resolved        'mraajs',
62 silly resolved        'spi',
62 silly resolved        'i2c',
62 silly resolved        'minnow',
62 silly resolved        'intel',
62 silly resolved        'firmata' ],
62 silly resolved     homepage: 'http://github.com/intel-iot-devkit/mraa',
62 silly resolved     main: './build/Release/mraa.node',
62 silly resolved     engines: { node: '>= 0.10.x' },
62 silly resolved     bugs: { url: 'http://github.com/intel-iot-devkit/mraa/issues' },
62 silly resolved     license: 'MIT',
62 silly resolved     version: '1.8.0',
62 silly resolved     authors: 'See github.com/intel-iot-devkit/mraa/graphs/contributors',
62 silly resolved     scripts:
62 silly resolved      { test: 'node -p -e \'require(".").getVersion()\'',
62 silly resolved        install: 'node-gyp rebuild' },
62 silly resolved     gypfile: true,
62 silly resolved     _id: 'mraa@1.8.0',
62 silly resolved     _shasum: '3756df09e0c8291ef5ca53de2db46bd8dc8c38a2',
62 silly resolved     _resolved: 'https://registry.npmjs.org/mraa/-/mraa-1.8.0.tgz',
62 silly resolved     _from: 'mraa@1.8',
62 silly resolved     _npmVersion: '2.14.9',
62 silly resolved     _nodeVersion: '0.12.9',
62 silly resolved     _npmUser: { name: 'arfoll', email: 'brendan.le.foll@intel.com' },
62 silly resolved     dist:
62 silly resolved      { shasum: '3756df09e0c8291ef5ca53de2db46bd8dc8c38a2',
62 silly resolved        tarball: 'https://registry.npmjs.org/mraa/-/mraa-1.8.0.tgz' },
62 silly resolved     maintainers: [ [Object] ],
62 silly resolved     _npmOperationalInternal:
62 silly resolved      { host: 's3://npm-registry-packages',
62 silly resolved        tmp: 'tmp/mraa-1.8.0.tgz_1505468289117_0.0965630579739809' },
62 silly resolved     directories: {} } ]
63 info install mraa@1.8.0 into /media/sdcard/myhome
64 info installOne mraa@1.8.0
65 verbose node_modules/mraa unbuild
66 verbose tar unpack /home/linaro/.npm/mraa/1.8.0/package.tgz
67 silly lockFile ad388b46--sdcard-myhome-node-modules-mraa tar:///media/sdcard/myhome/node_modules/mraa
68 verbose lock tar:///media/sdcard/myhome/node_modules/mraa /home/linaro/.npm/ad388b46--sdcard-myhome-node-modules-mraa.lock
69 silly lockFile 7f6935c8-inaro-npm-mraa-1-8-0-package-tgz tar:///home/linaro/.npm/mraa/1.8.0/package.tgz
70 verbose lock tar:///home/linaro/.npm/mraa/1.8.0/package.tgz /home/linaro/.npm/7f6935c8-inaro-npm-mraa-1-8-0-package-tgz.lock
71 silly gunzTarPerm modes [ '755', '644' ]
72 silly gunzTarPerm extractEntry
73 silly gunzTarPerm extractEntry docker-compose.yaml
74 silly gunzTarPerm extractEntry imraa/
75 silly gunzTarPerm extractEntry imraa/imraa.c
76 silly gunzTarPerm extractEntry imraa/imraa.service
77 silly gunzTarPerm extractEntry imraa/imraa_arduino.h
78 silly gunzTarPerm extractEntry imraa/imraa_lock.h
79 silly gunzTarPerm extractEntry imraa/imraa_lock.c
80 silly gunzTarPerm extractEntry imraa/imraa_io.c
81 silly gunzTarPerm extractEntry imraa/imraa.io.conf
82 silly gunzTarPerm extractEntry imraa/imraa.conf
83 silly gunzTarPerm extractEntry imraa/imraa_arduino.c
84 silly gunzTarPerm extractEntry imraa/CMakeLists.txt
85 silly gunzTarPerm extractEntry imraa/imraa_io.h
86 silly gunzTarPerm extractEntry DoxygenLayout.xml
87 silly gunzTarPerm extractEntry COPYING
88 silly gunzTarPerm extractEntry src/
89 silly gunzTarPerm extractEntry src/x86/
90 silly gunzTarPerm extractEntry src/x86/intel_de3815.c
91 silly gunzTarPerm extractEntry src/x86/intel_minnow_byt_compatible.c
92 silly gunzTarPerm extractEntry src/x86/intel_joule_expansion.c
93 silly gunzTarPerm extractEntry src/x86/intel_nuc5.c
94 silly gunzTarPerm extractEntry src/x86/intel_galileo_rev_g.c
95 silly gunzTarPerm extractEntry src/x86/intel_edison_fab_c.c
96 silly gunzTarPerm extractEntry src/x86/x86.c
97 silly gunzTarPerm extractEntry src/x86/intel_cherryhills.c
98 silly gunzTarPerm extractEntry src/x86/up2.c
99 silly gunzTarPerm extractEntry src/x86/intel_galileo_rev_d.c
100 silly gunzTarPerm extractEntry src/x86/CMakeLists.txt
101 silly gunzTarPerm extractEntry src/x86/intel_sofia_3gr.c
102 silly gunzTarPerm extractEntry src/x86/up.c
103 silly gunzTarPerm extractEntry src/mraajsJAVASCRIPT_wrap.cxx
104 silly gunzTarPerm extractEntry src/java/
105 silly gunzTarPerm extractEntry src/java/manifest.txt.in
106 silly gunzTarPerm extractEntry src/java/mraajni.c
107 silly gunzTarPerm extractEntry src/java/pom.xml.in
108 silly gunzTarPerm extractEntry src/java/mraajava.pc.cmake
109 silly gunzTarPerm extractEntry src/java/mraajava.i
110 silly gunzTarPerm extractEntry src/java/CMakeLists.txt
111 silly gunzTarPerm extractEntry src/spi/
112 silly gunzTarPerm extractEntry src/spi/spi.c
113 silly gunzTarPerm extractEntry src/mraa.i
114 silly gunzTarPerm extractEntry src/python/
115 silly gunzTarPerm extractEntry src/python/python3/
116 silly gunzTarPerm extractEntry src/python/python3/mraa3.i
117 silly gunzTarPerm extractEntry src/python/python3/CMakeLists.txt
118 silly gunzTarPerm extractEntry src/python/mraapy.c
119 silly gunzTarPerm extractEntry src/python/python2/
120 silly gunzTarPerm extractEntry src/python/python2/mraa2.i
121 silly gunzTarPerm extractEntry src/python/python2/docs/
122 silly gunzTarPerm extractEntry src/python/python2/docs/example.rst
123 silly gunzTarPerm extractEntry src/python/python2/docs/mraa.rst
124 silly gunzTarPerm extractEntry src/python/python2/docs/index.rst
125 silly gunzTarPerm extractEntry src/python/python2/docs/conf.py.in
126 silly gunzTarPerm extractEntry src/python/python2/docs/CMakeLists.txt
127 silly gunzTarPerm extractEntry src/python/python2/CMakeLists.txt
128 silly gunzTarPerm extractEntry src/python/mraapython.i
129 silly gunzTarPerm extractEntry src/python/CMakeLists.txt
130 silly gunzTarPerm extractEntry src/javascript/
131 silly gunzTarPerm extractEntry src/javascript/doxygen2jsdoc_custom.json
132 silly gunzTarPerm extractEntry src/javascript/binding.gyp.cmake
133 silly gunzTarPerm extractEntry src/javascript/mraajs.i
134 silly gunzTarPerm extractEntry src/javascript/CMakeLists.txt
135 silly gunzTarPerm extractEntry src/javascript/package.json.cmake
136 silly gunzTarPerm extractEntry src/gpio/
137 silly gunzTarPerm extractEntry src/gpio/gpio.c
138 silly gunzTarPerm extractEntry src/arm/
139 silly gunzTarPerm extractEntry src/arm/am335x.c
140 silly gunzTarPerm extractEntry src/arm/banana.c
141 silly gunzTarPerm extractEntry src/arm/beaglebone.c
142 silly gunzTarPerm extractEntry src/arm/phyboard.c
143 silly gunzTarPerm extractEntry src/arm/de_nano_soc.c
144 silly gunzTarPerm extractEntry src/arm/arm.c
145 silly gunzTarPerm extractEntry src/arm/raspberry_pi.c
146 silly gunzTarPerm extractEntry src/arm/96boards.c
147 silly gunzTarPerm extractEntry src/arm/CMakeLists.txt
148 silly gunzTarPerm extractEntry src/aio/
149 silly gunzTarPerm extractEntry src/aio/aio.c
150 silly gunzTarPerm extractEntry src/mraa.c
151 silly gunzTarPerm extractEntry src/uart/
152 silly gunzTarPerm extractEntry src/uart/uart.c
153 silly gunzTarPerm extractEntry src/pwm/
154 silly gunzTarPerm extractEntry src/pwm/pwm.c
155 silly gunzTarPerm extractEntry src/usb/
156 silly gunzTarPerm extractEntry src/usb/usb.c
157 silly gunzTarPerm extractEntry src/usb/ftdi_ft4222.c
158 silly gunzTarPerm extractEntry src/usb/CMakeLists.txt
159 silly gunzTarPerm extractEntry src/uart_ow/
160 silly gunzTarPerm extractEntry src/uart_ow/uart_ow.c
161 silly gunzTarPerm extractEntry src/uart_ow/CMakeLists.txt
162 silly gunzTarPerm extractEntry src/json/
163 silly gunzTarPerm extractEntry src/json/jsonplatform.c
164 silly gunzTarPerm extractEntry src/peripheralman/
165 silly gunzTarPerm extractEntry src/peripheralman/peripheralman.c
166 silly gunzTarPerm extractEntry src/peripheralman/CMakeLists.txt
167 silly gunzTarPerm extractEntry src/i2c/
168 silly gunzTarPerm extractEntry src/i2c/i2c.c
169 silly gunzTarPerm extractEntry src/i2c/LICENSE
170 silly gunzTarPerm extractEntry src/mraa.pc.cmake
171 silly gunzTarPerm extractEntry src/doxy2swig.py
172 silly gunzTarPerm extractEntry src/glob/
173 silly gunzTarPerm extractEntry src/glob/glob.c
174 silly gunzTarPerm extractEntry src/glob/glob.h
175 silly gunzTarPerm extractEntry src/version.c
176 silly gunzTarPerm extractEntry src/grovepi/
177 silly gunzTarPerm extractEntry src/grovepi/grovepi.c
178 silly gunzTarPerm extractEntry src/grovepi/CMakeLists.txt
179 silly gunzTarPerm extractEntry src/iio/
180 silly gunzTarPerm extractEntry src/iio/iio.c
181 silly gunzTarPerm extractEntry src/CMakeLists.txt
182 silly gunzTarPerm extractEntry src/firmata/
183 silly gunzTarPerm extractEntry src/firmata/firmata_mraa.c
184 silly gunzTarPerm extractEntry src/firmata/firmata.c
185 silly gunzTarPerm extractEntry src/firmata/CMakeLists.txt
186 silly gunzTarPerm extractEntry src/mock/
187 silly gunzTarPerm extractEntry src/mock/mock_board_uart.c
188 silly gunzTarPerm extractEntry src/mock/mock_board.c
189 silly gunzTarPerm extractEntry src/mock/mock_board_aio.c
190 silly gunzTarPerm extractEntry src/mock/mock_board_gpio.c
191 silly gunzTarPerm extractEntry src/mock/mock_board_i2c.c
192 silly gunzTarPerm extractEntry src/mock/mock_board_spi.c
193 silly gunzTarPerm extractEntry src/mock/CMakeLists.txt
194 silly gunzTarPerm extractEntry src/mock/mock.c
195 silly gunzTarPerm extractEntry package.json
196 silly gunzTarPerm extractEntry .gitmodules
197 silly gunzTarPerm extractEntry READMEFIRST
198 silly gunzTarPerm extractEntry binding.gyp
199 silly gunzTarPerm extractEntry docs/
200 silly gunzTarPerm extractEntry docs/testing.md
201 silly gunzTarPerm extractEntry docs/minnow_max.md
202 silly gunzTarPerm extractEntry docs/index.java.md
203 silly gunzTarPerm extractEntry docs/banana_pi.md
204 silly gunzTarPerm extractEntry docs/up.md
205 silly gunzTarPerm extractEntry docs/i2c.txt
206 silly gunzTarPerm extractEntry docs/jsonplatform.md
207 silly gunzTarPerm extractEntry docs/galileorevd.md
208 silly gunzTarPerm extractEntry docs/galileorevh.md
209 silly gunzTarPerm extractEntry docs/96boards.md
210 silly gunzTarPerm extractEntry docs/npm.md
211 silly gunzTarPerm extractEntry docs/index.md
212 silly gunzTarPerm extractEntry docs/platform-hooks.md
213 silly gunzTarPerm extractEntry docs/intel_nuc5.md
214 silly gunzTarPerm extractEntry docs/grovepi.md
215 silly gunzTarPerm extractEntry docs/changelog.md
216 silly gunzTarPerm extractEntry docs/grossetete.md
217 silly gunzTarPerm extractEntry docs/internals.md
218 silly gunzTarPerm extractEntry docs/imraa.md
219 silly gunzTarPerm extractEntry docs/intel_de3815.md
220 silly gunzTarPerm extractEntry docs/mock.md
221 silly gunzTarPerm extractEntry docs/ftdi_ft4222.md
222 silly gunzTarPerm extractEntry docs/joule.md
223 silly gunzTarPerm extractEntry docs/firmata.md
224 silly gunzTarPerm extractEntry docs/debugging.md
225 silly gunzTarPerm extractEntry docs/iio.md
226 silly gunzTarPerm extractEntry docs/de_nano_soc.md
227 silly gunzTarPerm extractEntry docs/beaglebone.md
228 silly gunzTarPerm extractEntry docs/phyboard-wega.md
229 silly gunzTarPerm extractEntry docs/up2.md
230 silly gunzTarPerm extractEntry docs/raspberry_pi.md
231 silly gunzTarPerm extractEntry docs/edison.md
232 silly gunzTarPerm extractEntry include/
233 silly gunzTarPerm extractEntry include/x86/
234 silly gunzTarPerm extractEntry include/x86/up.h
235 silly gunzTarPerm extractEntry include/x86/up2.h
236 silly gunzTarPerm extractEntry include/x86/intel_sofia_3gr.h
237 silly gunzTarPerm extractEntry include/x86/intel_galileo_rev_d.h
238 silly gunzTarPerm extractEntry include/x86/intel_cherryhills.h
239 silly gunzTarPerm extractEntry include/x86/intel_minnow_byt_compatible.h
240 silly gunzTarPerm extractEntry include/x86/intel_nuc5.h
241 silly gunzTarPerm extractEntry include/x86/intel_de3815.h
242 silly gunzTarPerm extractEntry include/x86/intel_edison_fab_c.h
243 silly gunzTarPerm extractEntry include/x86/intel_galileo_rev_g.h
244 silly gunzTarPerm extractEntry include/x86/intel_joule_expansion.h
245 silly gunzTarPerm extractEntry include/mraa_internal_types.h
246 silly gunzTarPerm extractEntry include/linux/
247 silly gunzTarPerm extractEntry include/linux/spi_kernel_headers.h
248 silly gunzTarPerm extractEntry include/linux/types.h
249 silly gunzTarPerm extractEntry include/linux/i2c-dev.h
250 silly gunzTarPerm extractEntry include/linux/README
251 silly gunzTarPerm extractEntry include/linux/posix_types.h
252 silly gunzTarPerm extractEntry include/linux/compiler.h
253 silly gunzTarPerm extractEntry include/java/
254 silly gunzTarPerm extractEntry include/java/mraajni.h
255 silly gunzTarPerm extractEntry include/python/
256 silly gunzTarPerm extractEntry include/python/mraapy.h
257 silly gunzTarPerm extractEntry include/mraa_adv_func.h
258 silly gunzTarPerm extractEntry include/arm/
259 silly gunzTarPerm extractEntry include/arm/96boards.h
260 silly gunzTarPerm extractEntry include/arm/de_nano_soc.h
261 silly gunzTarPerm extractEntry include/arm/phyboard.h
262 silly gunzTarPerm extractEntry include/arm/am335x.h
263 silly gunzTarPerm extractEntry include/arm/raspberry_pi.h
264 silly gunzTarPerm extractEntry include/arm/beaglebone.h
265 silly gunzTarPerm extractEntry include/arm/banana.h
266 silly gunzTarPerm extractEntry include/mraa_internal.h
267 silly gunzTarPerm extractEntry include/usb/
268 silly gunzTarPerm extractEntry include/usb/ftdi_ft4222.h
269 silly gunzTarPerm extractEntry include/peripheralmanager/
270 silly gunzTarPerm extractEntry include/peripheralmanager/peripheralman.h
271 silly gunzTarPerm extractEntry include/mraa_lang_func.h
272 silly gunzTarPerm extractEntry include/version.h
273 silly gunzTarPerm extractEntry include/grovepi/
274 silly gunzTarPerm extractEntry include/grovepi/grovepi.h
275 silly gunzTarPerm extractEntry include/firmata/
276 silly gunzTarPerm extractEntry include/firmata/firmata.h
277 silly gunzTarPerm extractEntry include/firmata/firmata_mraa.h
278 silly gunzTarPerm extractEntry include/mock/
279 silly gunzTarPerm extractEntry include/mock/mock_board_spi.h
280 silly gunzTarPerm extractEntry include/mock/mock_board_i2c.h
281 silly gunzTarPerm extractEntry include/mock/mock_board_gpio.h
282 silly gunzTarPerm extractEntry include/mock/mock_board_uart.h
283 silly gunzTarPerm extractEntry include/mock/mock_board_aio.h
284 silly gunzTarPerm extractEntry include/mock/mock_board.h
285 silly gunzTarPerm extractEntry Doxyfile.in
286 silly gunzTarPerm extractEntry .travis.yml
287 silly gunzTarPerm extractEntry doxyport/
288 silly gunzTarPerm extractEntry api/
289 silly gunzTarPerm extractEntry api/mraa.h
290 silly gunzTarPerm extractEntry api/mraa.hpp
291 silly gunzTarPerm extractEntry api/mraa/
292 silly gunzTarPerm extractEntry api/mraa/uart_ow.hpp
293 silly gunzTarPerm extractEntry api/mraa/firmata.h
294 silly gunzTarPerm extractEntry api/mraa/spi.h
295 silly gunzTarPerm extractEntry api/mraa/iio.hpp
296 silly gunzTarPerm extractEntry api/mraa/pwm.hpp
297 silly gunzTarPerm extractEntry api/mraa/pwm.h
298 silly gunzTarPerm extractEntry api/mraa/types.hpp
299 silly gunzTarPerm extractEntry api/mraa/i2c.h
300 silly gunzTarPerm extractEntry api/mraa/uart_ow.h
301 silly gunzTarPerm extractEntry api/mraa/i2c.hpp
302 silly gunzTarPerm extractEntry api/mraa/iio_kernel_headers.h
303 silly gunzTarPerm extractEntry api/mraa/common.hpp
304 silly gunzTarPerm extractEntry api/mraa/aio.hpp
305 silly gunzTarPerm extractEntry api/mraa/types.h
306 silly gunzTarPerm extractEntry api/mraa/aio.h
307 silly gunzTarPerm extractEntry api/mraa/gpio.hpp
308 silly gunzTarPerm extractEntry api/mraa/gpio.h
309 silly gunzTarPerm extractEntry api/mraa/uart.hpp
310 silly gunzTarPerm extractEntry api/mraa/iio.h
311 silly gunzTarPerm extractEntry api/mraa/spi.hpp
312 silly gunzTarPerm extractEntry api/mraa/uart.h
313 silly gunzTarPerm extractEntry api/mraa/common.h
314 silly gunzTarPerm extractEntry examples/
315 silly gunzTarPerm extractEntry examples/iio_driver.c
316 silly gunzTarPerm extractEntry examples/hellomraa.c
317 silly gunzTarPerm extractEntry examples/c++/
318 silly gunzTarPerm extractEntry examples/c++/Pwm3-cycle.cpp
319 silly gunzTarPerm extractEntry examples/c++/Blink-IO.cpp
320 silly gunzTarPerm extractEntry examples/c++/initio.cpp
321 silly gunzTarPerm extractEntry examples/c++/Uart-example.cpp
322 silly gunzTarPerm extractEntry examples/c++/I2c-compass.cpp
323 silly gunzTarPerm extractEntry examples/c++/AioA0.cpp
324 silly gunzTarPerm extractEntry examples/c++/Spi-pot.cpp
325 silly gunzTarPerm extractEntry examples/c++/UartOW.cpp
326 silly gunzTarPerm extractEntry examples/c++/Iio-dummy.cpp
327 silly gunzTarPerm extractEntry examples/c++/CMakeLists.txt
328 silly gunzTarPerm extractEntry examples/c++/Isr-pin6.cpp
329 silly gunzTarPerm extractEntry examples/isr_pin6.c
330 silly gunzTarPerm extractEntry examples/blink_onboard.c
331 silly gunzTarPerm extractEntry examples/platform/
332 silly gunzTarPerm extractEntry examples/platform/turbotjson.json
333 silly gunzTarPerm extractEntry examples/platform/intel-aero.json
334 silly gunzTarPerm extractEntry examples/firmata_curie_imu.c
335 silly gunzTarPerm extractEntry examples/analogin_a0.c
336 silly gunzTarPerm extractEntry examples/java/
337 silly gunzTarPerm extractEntry examples/java/Bmp85.java
338 silly gunzTarPerm extractEntry examples/java/Isr.java
339 silly gunzTarPerm extractEntry examples/java/SpiMAX7219.java
340 silly gunzTarPerm extractEntry examples/java/Example.java
341 silly gunzTarPerm extractEntry examples/java/SpiMCP4261.java
342 silly gunzTarPerm extractEntry examples/java/HelloEdison.java
343 silly gunzTarPerm extractEntry examples/java/I2cCompass.java
344 silly gunzTarPerm extractEntry examples/java/AioA0.java
345 silly gunzTarPerm extractEntry examples/java/CyclePwm3.java
346 silly gunzTarPerm extractEntry examples/java/FTDITest.java
347 silly gunzTarPerm extractEntry examples/java/GpioRead6.java
348 silly gunzTarPerm extractEntry examples/java/BlinkIO.java
349 silly gunzTarPerm extractEntry examples/java/GpioMmapped.java
350 silly gunzTarPerm extractEntry examples/java/UartExample.java
351 silly gunzTarPerm extractEntry examples/java/BlinkOnboard.java
352 silly gunzTarPerm extractEntry examples/mraa-uart.c
353 silly gunzTarPerm extractEntry examples/i2c_HMC5883L.c
354 silly gunzTarPerm extractEntry examples/blink-io.c
355 silly gunzTarPerm extractEntry examples/python/
356 silly gunzTarPerm extractEntry examples/python/mcp3004.py
357 silly gunzTarPerm extractEntry examples/python/hello_isr.py
358 silly gunzTarPerm extractEntry examples/python/blink-io8.py
359 silly gunzTarPerm extractEntry examples/python/firmata.py
360 silly gunzTarPerm extractEntry examples/python/bmp85.py
361 silly gunzTarPerm extractEntry examples/python/initio.py
362 silly gunzTarPerm extractEntry examples/python/hello_gpio.py
363 silly gunzTarPerm extractEntry examples/python/spi.py
364 silly gunzTarPerm extractEntry examples/python/cycle-pwm3.py
365 silly gunzTarPerm extractEntry examples/python/uart_sender.py
366 silly gunzTarPerm extractEntry examples/python/aio.py
367 silly gunzTarPerm extractEntry examples/python/uart_receiver.py
368 silly gunzTarPerm extractEntry examples/python/rgblcd.py
369 silly gunzTarPerm extractEntry examples/javascript/
370 silly gunzTarPerm extractEntry examples/javascript/AioA0.js
371 silly gunzTarPerm extractEntry examples/javascript/Blink-IO.js
372 silly gunzTarPerm extractEntry examples/javascript/spi.js
373 silly gunzTarPerm extractEntry examples/javascript/rgblcd.js
374 silly gunzTarPerm extractEntry examples/javascript/GPIO_DigitalWrite.js
375 silly gunzTarPerm extractEntry examples/javascript/initio.js
376 silly gunzTarPerm extractEntry examples/javascript/uart.js
377 silly gunzTarPerm extractEntry examples/javascript/bmp85.js
378 silly gunzTarPerm extractEntry examples/javascript/isr.js
379 silly gunzTarPerm extractEntry examples/javascript/GPIO_DigitalRead.js
380 silly gunzTarPerm extractEntry examples/javascript/firmata.js
381 silly gunzTarPerm extractEntry examples/javascript/gpio-tool.js
382 silly gunzTarPerm extractEntry examples/samples.mapping.txt
383 silly gunzTarPerm extractEntry examples/mmap-io2.c
384 silly gunzTarPerm extractEntry examples/uart.c
385 silly gunzTarPerm extractEntry examples/mraa-gpio.c
386 silly gunzTarPerm extractEntry examples/gpio_read6.c
387 silly gunzTarPerm extractEntry examples/i2c_firmata.c
388 silly gunzTarPerm extractEntry examples/spi_max7219.c
389 silly gunzTarPerm extractEntry examples/uart_ow.c
390 silly gunzTarPerm extractEntry examples/spi_mcp4261.c
391 silly gunzTarPerm extractEntry examples/cycle-pwm3.c
392 silly gunzTarPerm extractEntry examples/helloedison.c
393 silly gunzTarPerm extractEntry examples/CMakeLists.txt
394 silly gunzTarPerm extractEntry examples/mraa-i2c.c
395 silly gunzTarPerm extractEntry examples/initio.c
396 silly gunzTarPerm extractEntry scripts/
397 silly gunzTarPerm extractEntry scripts/sonar-scan.sh
398 silly gunzTarPerm extractEntry scripts/run-cmake.sh
399 silly gunzTarPerm extractEntry Doxyfile.java.in
400 silly gunzTarPerm extractEntry cmake/
401 silly gunzTarPerm extractEntry cmake/modules/
402 silly gunzTarPerm extractEntry cmake/modules/TargetArch.cmake
403 silly gunzTarPerm extractEntry cmake/modules/FindNodejs.cmake
404 silly gunzTarPerm extractEntry cmake/modules/version.c.in
405 silly gunzTarPerm extractEntry cmake/modules/FindYuidoc.cmake
406 silly gunzTarPerm extractEntry cmake/modules/OpenCVDetectPython.cmake
407 silly gunzTarPerm extractEntry cmake/modules/COPYING-CMAKE-SCRIPTS
408 silly gunzTarPerm extractEntry cmake/modules/LICENSE.LGPL
409 silly gunzTarPerm extractEntry cmake/modules/LICENSE_1_0.txt
410 silly gunzTarPerm extractEntry cmake/modules/FindFtd4222.cmake
411 silly gunzTarPerm extractEntry cmake/modules/FindSphinx.cmake
412 silly gunzTarPerm extractEntry cmake/modules/FindFtd2xx.cmake
413 silly gunzTarPerm extractEntry cmake/modules/GetGitRevisionDescription.cmake.in
414 silly gunzTarPerm extractEntry cmake/modules/FindJSON-C.cmake
415 silly gunzTarPerm extractEntry cmake/modules/CPackDeb.cmake
416 silly gunzTarPerm extractEntry cmake/modules/Copyright.txt
417 silly gunzTarPerm extractEntry cmake/modules/GetGitRevisionDescription.cmake
418 silly gunzTarPerm extractEntry cmake/modules/FindUDEV.cmake
419 silly gunzTarPerm extractEntry cmake/Toolchains/
420 silly gunzTarPerm extractEntry cmake/Toolchains/oe-sdk_cross.cmake
421 silly gunzTarPerm extractEntry .clang-format
422 silly gunzTarPerm extractEntry CONTRIBUTING.md
423 silly gunzTarPerm extractEntry doxygen2jsdoc/
424 silly gunzTarPerm extractEntry jsstub/
425 silly gunzTarPerm extractEntry jsstub/package.json
426 silly gunzTarPerm extractEntry jsstub/index.js
427 silly gunzTarPerm extractEntry jsstub/test/
428 silly gunzTarPerm extractEntry jsstub/test/index.js
429 silly gunzTarPerm extractEntry jsstub/test/lightbulb.js
430 silly gunzTarPerm extractEntry jsstub/Gruntfile.js
431 silly gunzTarPerm extractEntry jsstub/README.md
432 silly gunzTarPerm extractEntry CMakeLists.txt
433 silly gunzTarPerm extractEntry tests/
434 silly gunzTarPerm extractEntry tests/general_checks.py
435 silly gunzTarPerm extractEntry tests/gpio_checks.py
436 silly gunzTarPerm extractEntry tests/check_clean.py
437 silly gunzTarPerm extractEntry tests/platform_checks.py
438 silly gunzTarPerm extractEntry tests/check_samplenames.py
439 silly gunzTarPerm extractEntry tests/CMakeLists.txt
440 silly gunzTarPerm extractEntry tests/mock/
441 silly gunzTarPerm extractEntry tests/mock/i2c_checks_write_word_data.py
442 silly gunzTarPerm extractEntry tests/mock/uart_checks_shared.py
443 silly gunzTarPerm extractEntry tests/mock/general_checks.py
444 silly gunzTarPerm extractEntry tests/mock/i2c_checks_freq.py
445 silly gunzTarPerm extractEntry tests/mock/gpio_checks_mode.py
446 silly gunzTarPerm extractEntry tests/mock/i2c_checks_write_byte_data.py
447 silly gunzTarPerm extractEntry tests/mock/spi_checks_write_byte.py
448 silly gunzTarPerm extractEntry tests/mock/uart_checks_sendbreak.py
449 silly gunzTarPerm extractEntry tests/mock/i2c_checks_read.py
450 silly gunzTarPerm extractEntry tests/mock/spi_checks_freq.py
451 silly gunzTarPerm extractEntry tests/mock/i2c_checks_write.py
452 silly gunzTarPerm extractEntry tests/mock/spi_checks_write.py
453 silly gunzTarPerm extractEntry tests/mock/uart_checks_set_timeout.py
454 silly gunzTarPerm extractEntry tests/mock/uart_checks_write.py
455 silly gunzTarPerm extractEntry tests/mock/i2c_checks_addr.py
456 silly gunzTarPerm extractEntry tests/mock/spi_checks_bit_per_word.py
457 silly gunzTarPerm extractEntry tests/mock/uart_checks_flush.py
458 silly gunzTarPerm extractEntry tests/mock/uart_checks_data_available.py
459 silly gunzTarPerm extractEntry tests/mock/uart_checks_read.py
460 silly gunzTarPerm extractEntry tests/mock/spi_checks_lsbmode.py
461 silly gunzTarPerm extractEntry tests/mock/i2c_checks_shared.py
462 silly gunzTarPerm extractEntry tests/mock/i2c_checks_read_byte.py
463 silly gunzTarPerm extractEntry tests/mock/uart_checks_set_nonblocking.py
464 silly gunzTarPerm extractEntry tests/mock/i2c_checks_read_word_data.py
465 silly gunzTarPerm extractEntry tests/mock/i2c_checks_write_byte.py
466 silly gunzTarPerm extractEntry tests/mock/spi_checks_mode.py
467 silly gunzTarPerm extractEntry tests/mock/gpio_checks_write_read.py
468 silly gunzTarPerm extractEntry tests/mock/uart_checks_set_mode.py
469 silly gunzTarPerm extractEntry tests/mock/aio_checks.py
470 silly gunzTarPerm extractEntry tests/mock/gpio_checks_dir.py
471 silly gunzTarPerm extractEntry tests/mock/platform_checks.py
472 silly gunzTarPerm extractEntry tests/mock/spi_checks_write_word.py
473 silly gunzTarPerm extractEntry tests/mock/uart_checks_set_flowcontrol.py
474 silly gunzTarPerm extractEntry tests/mock/spi_checks_shared.py
475 silly gunzTarPerm extractEntry tests/mock/gpio_checks_basic.py
476 silly gunzTarPerm extractEntry tests/mock/CMakeLists.txt
477 silly gunzTarPerm extractEntry tests/mock/gpio_checks_edge.py
478 silly gunzTarPerm extractEntry tests/mock/i2c_checks_read_byte_data.py
479 silly gunzTarPerm extractEntry tests/mock/gpio_checks_isr.py
480 silly gunzTarPerm extractEntry tests/mock/uart_checks_set_baudrate.py
481 silly gunzTarPerm extractEntry tests/mock/i2c_checks_read_bytes_data.py
482 silly gunzTarPerm extractEntry README.md
483 silly lockFile ad388b46--sdcard-myhome-node-modules-mraa tar:///media/sdcard/myhome/node_modules/mraa
484 silly lockFile ad388b46--sdcard-myhome-node-modules-mraa tar:///media/sdcard/myhome/node_modules/mraa
485 silly lockFile 7f6935c8-inaro-npm-mraa-1-8-0-package-tgz tar:///home/linaro/.npm/mraa/1.8.0/package.tgz
486 silly lockFile 7f6935c8-inaro-npm-mraa-1-8-0-package-tgz tar:///home/linaro/.npm/mraa/1.8.0/package.tgz
487 info preinstall mraa@1.8.0
488 verbose readDependencies using package.json deps
489 verbose readDependencies using package.json deps
490 silly resolved []
491 verbose about to build /media/sdcard/myhome/node_modules/mraa
492 info build /media/sdcard/myhome/node_modules/mraa
493 verbose linkStuff [ false, false, false, '/media/sdcard/myhome/node_modules' ]
494 info linkStuff mraa@1.8.0
495 verbose linkBins mraa@1.8.0
496 verbose linkMans mraa@1.8.0
497 verbose rebuildBundles mraa@1.8.0
498 info install mraa@1.8.0
499 verbose unsafe-perm in lifecycle true
500 info mraa@1.8.0 Failed to exec install script
501 verbose node_modules/mraa unbuild
502 warn This failure might be due to the use of legacy binary "node"
503 warn For further explanations, please read
/usr/share/doc/nodejs/README.Debian
504 info preuninstall mraa@1.8.0
505 info uninstall mraa@1.8.0
506 verbose true,/media/sdcard/myhome/node_modules,/media/sdcard/myhome/node_modules unbuild mraa@1.8.0
507 info postuninstall mraa@1.8.0
508 error mraa@1.8.0 install: `node-gyp rebuild`
508 error Exit status 1
509 error Failed at the mraa@1.8.0 install script.
509 error This is most likely a problem with the mraa package,
509 error not with npm itself.
509 error Tell the author that this fails on your system:
509 error     node-gyp rebuild
509 error You can get their info via:
509 error     npm owner ls mraa
509 error There is likely additional logging output above.
510 error System Linux 4.9.56-linaro-lt-qcom
511 error command "/usr/bin/nodejs" "/usr/bin/npm" "install" "mraa@1.8"
512 error cwd /media/sdcard/myhome
513 error node -v v4.8.2
514 error npm -v 1.4.21
515 error code ELIFECYCLE
516 verbose exit [ 1, true ]
